#
# A fatal error has been detected by the Java Runtime Environment:
#
#  Internal Error (safepoint.cpp:310), pid=5994, tid=0x0000000000004b03
#  guarantee(PageArmed == 0) failed: invariant
#
# JRE version: Java(TM) SE Runtime Environment (8.0_131-b11) (build 1.8.0_131-b11)
# Java VM: Java HotSpot(TM) 64-Bit Server VM (25.131-b11 mixed mode bsd-amd64 compressed oops)
# Failed to write core dump. Core dumps have been disabled. To enable core dumping, try "ulimit -c unlimited" before starting Java again
#
# If you would like to submit a bug report, please visit:
#   http://bugreport.java.com/bugreport/crash.jsp
#

---------------  T H R E A D  ---------------

Current thread (0x00007fee8c850800):  VMThread [stack: 0x000070000f3b4000,0x000070000f4b4000] [id=19203]

Stack: [0x000070000f3b4000,0x000070000f4b4000],  sp=0x000070000f4b3930,  free space=1022k
Native frames: (J=compiled Java code, j=interpreted, Vv=VM code, C=native code)
V  [libjvm.dylib+0x5b16a2]  VMError::report_and_die()+0x3f8
V  [libjvm.dylib+0x1e83b9]  report_vm_error(char const*, int, char const*, char const*)+0x54
V  [libjvm.dylib+0x4e2526]  SafepointSynchronize::begin()+0x2c8
V  [libjvm.dylib+0x5b7bcf]  VMThread::loop()+0x209
V  [libjvm.dylib+0x5b760d]  VMThread::run()+0x79
V  [libjvm.dylib+0x48b376]  java_start(Thread*)+0xf6
C  [libsystem_pthread.dylib+0x333d]  _pthread_body+0x7e
C  [libsystem_pthread.dylib+0x62a7]  _pthread_start+0x46
C  [libsystem_pthread.dylib+0x2425]  thread_start+0xd


---------------  P R O C E S S  ---------------

Java Threads: ( => current thread )
  0x00007fee8a808000 JavaThread "Service Thread" daemon [_thread_blocked, id=15619, stack(0x000070000fbcc000,0x000070000fccc000)]
  0x00007fee8a80d000 JavaThread "C1 CompilerThread3" daemon [_thread_blocked, id=15107, stack(0x000070000fac9000,0x000070000fbc9000)]
  0x00007fee8a80c800 JavaThread "C2 CompilerThread2" daemon [_thread_blocked, id=14851, stack(0x000070000f9c6000,0x000070000fac6000)]
  0x00007fee8a80b800 JavaThread "C2 CompilerThread1" daemon [_thread_blocked, id=14595, stack(0x000070000f8c3000,0x000070000f9c3000)]
  0x00007fee8a807000 JavaThread "C2 CompilerThread0" daemon [_thread_blocked, id=17155, stack(0x000070000f7c0000,0x000070000f8c0000)]
  0x00007fee8d80a000 JavaThread "Signal Dispatcher" daemon [_thread_blocked, id=17411, stack(0x000070000f6bd000,0x000070000f7bd000)]
  0x00007fee8b80a000 JavaThread "Finalizer" daemon [_thread_blocked, id=12547, stack(0x000070000f5ba000,0x000070000f6ba000)]
  0x00007fee8b807800 JavaThread "Reference Handler" daemon [_thread_blocked, id=12035, stack(0x000070000f4b7000,0x000070000f5b7000)]
  0x00007fee8c001800 JavaThread "main" [_thread_in_Java, id=6403, stack(0x000070000ea99000,0x000070000eb99000)]

Other Threads:
=>0x00007fee8c850800 VMThread [stack: 0x000070000f3b4000,0x000070000f4b4000] [id=19203]
  0x00007fee8d80b000 WatcherThread [stack: 0x000070000fccf000,0x000070000fdcf000] [id=15875]

VM state:synchronizing (normal execution)

VM Mutex/Monitor currently owned by a thread:  ([mutex/lock_event])
[0x00007fee8b1023e0] Safepoint_lock - owner thread: 0x00007fee8c850800
[0x00007fee8b102460] Threads_lock - owner thread: 0x00007fee8c850800

Heap:
 PSYoungGen      total 76288K, used 2621K [0x000000076ab00000, 0x0000000770000000, 0x00000007c0000000)
  eden space 65536K, 4% used [0x000000076ab00000,0x000000076ad8f5e8,0x000000076eb00000)
  from space 10752K, 0% used [0x000000076f580000,0x000000076f580000,0x0000000770000000)
  to   space 10752K, 0% used [0x000000076eb00000,0x000000076eb00000,0x000000076f580000)
 ParOldGen       total 175104K, used 0K [0x00000006c0000000, 0x00000006cab00000, 0x000000076ab00000)
  object space 175104K, 0% used [0x00000006c0000000,0x00000006c0000000,0x00000006cab00000)
 Metaspace       used 2645K, capacity 4486K, committed 4864K, reserved 1056768K
  class space    used 286K, capacity 386K, committed 512K, reserved 1048576K

Card table byte_map: [0x000000010d163000,0x000000010d964000] byte_map_base: 0x0000000109b63000

Marking Bits: (ParMarkBitMap*) 0x000000010c6f1ea0
 Begin Bits: [0x000000010deba000, 0x0000000111eba000)
 End Bits:   [0x0000000111eba000, 0x0000000115eba000)

Polling page: 0x000000010acf7000

CodeCache: size=245760Kb used=1115Kb max_used=1127Kb free=244644Kb
 bounds [0x0000000118d58000, 0x0000000118fc8000, 0x0000000127d58000]
 total_blobs=264 nmethods=34 adapters=145
 compilation: enabled

Compilation events (10 events):
Event: 0.369 Thread 0x00007fee8a80d000   30 %     3       ProblemSet3_5::primes @ 8 (37 bytes)
Event: 0.369 Thread 0x00007fee8a80d000 nmethod 30% 0x0000000118e6ebd0 code [0x0000000118e6ed80, 0x0000000118e6f348]
Event: 0.376 Thread 0x00007fee8a80d000   31       3       ProblemSet3_5::primes (37 bytes)
Event: 0.376 Thread 0x00007fee8a80b800   32 %     4       ProblemSet3_5::isPrime @ 7 (30 bytes)
Event: 0.377 Thread 0x00007fee8a80d000 nmethod 31 0x0000000118e6e1d0 code [0x0000000118e6e380, 0x0000000118e6e8e8]
Event: 0.378 Thread 0x00007fee8a80b800 nmethod 32% 0x0000000118e71350 code [0x0000000118e714a0, 0x0000000118e71738]
Event: 0.385 Thread 0x00007fee8a80d000   33 %     3       ProblemSet3_5::primes @ 8 (37 bytes)
Event: 0.386 Thread 0x00007fee8a80d000 nmethod 33% 0x0000000118e6d9d0 code [0x0000000118e6db60, 0x0000000118e6dfb8]
Event: 0.779 Thread 0x00007fee8a807000   34 %     4       ProblemSet3_5::primes @ 8 (37 bytes)
Event: 0.782 Thread 0x00007fee8a807000 nmethod 34% 0x0000000118e6d450 code [0x0000000118e6d5a0, 0x0000000118e6d898]

GC Heap History (0 events):
No events

Deoptimization events (0 events):
No events

Internal exceptions (2 events):
Event: 0.041 Thread 0x00007fee8c001800 Exception <a 'java/lang/NoSuchMethodError': Method sun.misc.Unsafe.defineClass(Ljava/lang/String;[BII)Ljava/lang/Class; name or signature does not match> (0x000000076ab07ca8) thrown at [/Users/java_re/workspace/8-2-build-macosx-x86_64/jdk8u131/8869/hotspo
Event: 0.041 Thread 0x00007fee8c001800 Exception <a 'java/lang/NoSuchMethodError': Method sun.misc.Unsafe.prefetchRead(Ljava/lang/Object;J)V name or signature does not match> (0x000000076ab07f90) thrown at [/Users/java_re/workspace/8-2-build-macosx-x86_64/jdk8u131/8869/hotspot/src/share/vm/pri

Events (10 events):
Event: 0.111 loading class sun/launcher/LauncherHelper$FXHelper
Event: 0.111 loading class sun/launcher/LauncherHelper$FXHelper done
Event: 0.111 loading class java/lang/Class$MethodArray
Event: 0.111 loading class java/lang/Class$MethodArray done
Event: 0.111 loading class java/lang/Void
Event: 0.111 loading class java/lang/Void done
Event: 0.378 Thread 0x00007fee8c001800 DEOPT PACKING pc=0x0000000118e6f1d1 sp=0x000070000eb98880
Event: 0.378 Thread 0x00007fee8c001800 DEOPT UNPACKING pc=0x0000000118d9f633 sp=0x000070000eb98570 mode 0
Event: 0.889 Thread 0x00007fee8c001800 DEOPT PACKING pc=0x0000000118e6de24 sp=0x000070000eb98890
Event: 0.889 Thread 0x00007fee8c001800 DEOPT UNPACKING pc=0x0000000118d9f633 sp=0x000070000eb985e0 mode 0


Dynamic libraries:
0x000000002408d000 	/System/Library/Frameworks/Cocoa.framework/Versions/A/Cocoa
0x000000002408d000 	/System/Library/Frameworks/Security.framework/Versions/A/Security
0x000000002408d000 	/System/Library/Frameworks/ApplicationServices.framework/Versions/A/ApplicationServices
0x000000002408d000 	/usr/lib/libz.1.dylib
0x000000002408d000 	/usr/lib/libSystem.B.dylib
0x000000002408d000 	/usr/lib/libobjc.A.dylib
0x000000002408d000 	/System/Library/Frameworks/CoreFoundation.framework/Versions/A/CoreFoundation
0x000000002408d000 	/System/Library/Frameworks/Foundation.framework/Versions/C/Foundation
0x000000002408d000 	/System/Library/Frameworks/AppKit.framework/Versions/C/AppKit
0x000000002408d000 	/System/Library/Frameworks/CoreData.framework/Versions/A/CoreData
0x000000002408d000 	/System/Library/PrivateFrameworks/RemoteViewServices.framework/Versions/A/RemoteViewServices
0x000000002408d000 	/System/Library/PrivateFrameworks/UIFoundation.framework/Versions/A/UIFoundation
0x000000002408d000 	/System/Library/PrivateFrameworks/XCTTargetBootstrap.framework/Versions/A/XCTTargetBootstrap
0x000000002408d000 	/System/Library/PrivateFrameworks/IconServices.framework/Versions/A/IconServices
0x000000002408d000 	/System/Library/Frameworks/Metal.framework/Versions/A/Metal
0x000000002408d000 	/System/Library/PrivateFrameworks/DesktopServicesPriv.framework/Versions/A/DesktopServicesPriv
0x000000002408d000 	/usr/lib/libenergytrace.dylib
0x000000002408d000 	/System/Library/PrivateFrameworks/SkyLight.framework/Versions/A/SkyLight
0x000000002408d000 	/System/Library/Frameworks/CoreGraphics.framework/Versions/A/CoreGraphics
0x000000002408d000 	/System/Library/Frameworks/Accelerate.framework/Versions/A/Accelerate
0x000000002408d000 	/System/Library/Frameworks/IOSurface.framework/Versions/A/IOSurface
0x000000002408d000 	/System/Library/PrivateFrameworks/DFRFoundation.framework/Versions/A/DFRFoundation
0x000000002408d000 	/System/Library/Frameworks/AudioToolbox.framework/Versions/A/AudioToolbox
0x000000002408d000 	/System/Library/Frameworks/AudioUnit.framework/Versions/A/AudioUnit
0x000000002408d000 	/System/Library/PrivateFrameworks/DataDetectorsCore.framework/Versions/A/DataDetectorsCore
0x000000002408d000 	/System/Library/Frameworks/Carbon.framework/Versions/A/Frameworks/HIToolbox.framework/Versions/A/HIToolbox
0x000000002408d000 	/usr/lib/libicucore.A.dylib
0x000000002408d000 	/System/Library/Frameworks/QuartzCore.framework/Versions/A/QuartzCore
0x000000002408d000 	/System/Library/Frameworks/Carbon.framework/Versions/A/Frameworks/SpeechRecognition.framework/Versions/A/SpeechRecognition
0x000000002408d000 	/usr/lib/libauto.dylib
0x000000002408d000 	/usr/lib/libxml2.2.dylib
0x000000002408d000 	/System/Library/PrivateFrameworks/CoreUI.framework/Versions/A/CoreUI
0x000000002408d000 	/System/Library/Frameworks/CoreAudio.framework/Versions/A/CoreAudio
0x000000002408d000 	/System/Library/Frameworks/DiskArbitration.framework/Versions/A/DiskArbitration
0x000000002408d000 	/usr/lib/liblangid.dylib
0x000000002408d000 	/System/Library/PrivateFrameworks/MultitouchSupport.framework/Versions/A/MultitouchSupport
0x000000002408d000 	/System/Library/Frameworks/IOKit.framework/Versions/A/IOKit
0x000000002408d000 	/usr/lib/libDiagnosticMessagesClient.dylib
0x000000002408d000 	/System/Library/Frameworks/CoreServices.framework/Versions/A/CoreServices
0x000000002408d000 	/System/Library/PrivateFrameworks/PerformanceAnalysis.framework/Versions/A/PerformanceAnalysis
0x000000002408d000 	/System/Library/Frameworks/OpenGL.framework/Versions/A/OpenGL
0x000000002408d000 	/System/Library/Frameworks/ColorSync.framework/Versions/A/ColorSync
0x000000002408d000 	/System/Library/Frameworks/CoreImage.framework/Versions/A/CoreImage
0x000000002408d000 	/System/Library/Frameworks/CoreText.framework/Versions/A/CoreText
0x000000002408d000 	/System/Library/Frameworks/ImageIO.framework/Versions/A/ImageIO
0x000000002408d000 	/System/Library/PrivateFrameworks/Backup.framework/Versions/A/Backup
0x000000002408d000 	/usr/lib/libarchive.2.dylib
0x000000002408d000 	/System/Library/Frameworks/CFNetwork.framework/Versions/A/CFNetwork
0x000000002408d000 	/System/Library/Frameworks/SystemConfiguration.framework/Versions/A/SystemConfiguration
0x000000002408d000 	/usr/lib/libCRFSuite.dylib
0x000000002408d000 	/usr/lib/libc++.1.dylib
0x000000002408d000 	/usr/lib/libc++abi.dylib
0x000000002408d000 	/usr/lib/system/libcache.dylib
0x000000002408d000 	/usr/lib/system/libcommonCrypto.dylib
0x000000002408d000 	/usr/lib/system/libcompiler_rt.dylib
0x000000002408d000 	/usr/lib/system/libcopyfile.dylib
0x000000002408d000 	/usr/lib/system/libcorecrypto.dylib
0x000000002408d000 	/usr/lib/system/libdispatch.dylib
0x000000002408d000 	/usr/lib/system/libdyld.dylib
0x000000002408d000 	/usr/lib/system/libkeymgr.dylib
0x000000002408d000 	/usr/lib/system/liblaunch.dylib
0x000000002408d000 	/usr/lib/system/libmacho.dylib
0x000000002408d000 	/usr/lib/system/libquarantine.dylib
0x000000002408d000 	/usr/lib/system/libremovefile.dylib
0x000000002408d000 	/usr/lib/system/libsystem_asl.dylib
0x000000002408d000 	/usr/lib/system/libsystem_blocks.dylib
0x000000002408d000 	/usr/lib/system/libsystem_c.dylib
0x000000002408d000 	/usr/lib/system/libsystem_configuration.dylib
0x000000002408d000 	/usr/lib/system/libsystem_coreservices.dylib
0x000000002408d000 	/usr/lib/system/libsystem_darwin.dylib
0x000000002408d000 	/usr/lib/system/libsystem_dnssd.dylib
0x000000002408d000 	/usr/lib/system/libsystem_info.dylib
0x000000002408d000 	/usr/lib/system/libsystem_m.dylib
0x000000002408d000 	/usr/lib/system/libsystem_malloc.dylib
0x000000002408d000 	/usr/lib/system/libsystem_networkextension.dylib
0x000000002408d000 	/usr/lib/system/libsystem_notify.dylib
0x000000002408d000 	/usr/lib/system/libsystem_sandbox.dylib
0x000000002408d000 	/usr/lib/system/libsystem_secinit.dylib
0x000000002408d000 	/usr/lib/system/libsystem_kernel.dylib
0x000000002408d000 	/usr/lib/system/libsystem_platform.dylib
0x000000002408d000 	/usr/lib/system/libsystem_pthread.dylib
0x000000002408d000 	/usr/lib/system/libsystem_symptoms.dylib
0x000000002408d000 	/usr/lib/system/libsystem_trace.dylib
0x000000002408d000 	/usr/lib/system/libunwind.dylib
0x000000002408d000 	/usr/lib/system/libxpc.dylib
0x000000002408d000 	/usr/lib/libbsm.0.dylib
0x000000002408d000 	/usr/lib/system/libkxld.dylib
0x000000002408d000 	/System/Library/PrivateFrameworks/AppleFSCompression.framework/Versions/A/AppleFSCompression
0x000000002408d000 	/usr/lib/libOpenScriptingUtil.dylib
0x000000002408d000 	/usr/lib/libcoretls.dylib
0x000000002408d000 	/usr/lib/libcoretls_cfhelpers.dylib
0x000000002408d000 	/usr/lib/libpam.2.dylib
0x000000002408d000 	/usr/lib/libsqlite3.dylib
0x000000002408d000 	/usr/lib/libxar.1.dylib
0x000000002408d000 	/usr/lib/libbz2.1.0.dylib
0x000000002408d000 	/usr/lib/liblzma.5.dylib
0x000000002408d000 	/usr/lib/libnetwork.dylib
0x000000002408d000 	/usr/lib/libapple_nghttp2.dylib
0x000000002408d000 	/usr/lib/libpcap.A.dylib
0x000000002408d000 	/System/Library/Frameworks/CoreServices.framework/Versions/A/Frameworks/FSEvents.framework/Versions/A/FSEvents
0x000000002408d000 	/System/Library/Frameworks/CoreServices.framework/Versions/A/Frameworks/CarbonCore.framework/Versions/A/CarbonCore
0x000000002408d000 	/System/Library/Frameworks/CoreServices.framework/Versions/A/Frameworks/Metadata.framework/Versions/A/Metadata
0x000000002408d000 	/System/Library/Frameworks/CoreServices.framework/Versions/A/Frameworks/OSServices.framework/Versions/A/OSServices
0x000000002408d000 	/System/Library/Frameworks/CoreServices.framework/Versions/A/Frameworks/SearchKit.framework/Versions/A/SearchKit
0x000000002408d000 	/System/Library/Frameworks/CoreServices.framework/Versions/A/Frameworks/AE.framework/Versions/A/AE
0x000000002408d000 	/System/Library/Frameworks/CoreServices.framework/Versions/A/Frameworks/LaunchServices.framework/Versions/A/LaunchServices
0x000000002408d000 	/System/Library/Frameworks/CoreServices.framework/Versions/A/Frameworks/DictionaryServices.framework/Versions/A/DictionaryServices
0x000000002408d000 	/System/Library/Frameworks/CoreServices.framework/Versions/A/Frameworks/SharedFileList.framework/Versions/A/SharedFileList
0x000000002408d000 	/System/Library/Frameworks/NetFS.framework/Versions/A/NetFS
0x000000002408d000 	/System/Library/PrivateFrameworks/NetAuth.framework/Versions/A/NetAuth
0x000000002408d000 	/System/Library/PrivateFrameworks/login.framework/Versions/A/Frameworks/loginsupport.framework/Versions/A/loginsupport
0x000000002408d000 	/System/Library/PrivateFrameworks/TCC.framework/Versions/A/TCC
0x000000002408d000 	/System/Library/PrivateFrameworks/CoreNLP.framework/Versions/A/CoreNLP
0x000000002408d000 	/System/Library/PrivateFrameworks/MetadataUtilities.framework/Versions/A/MetadataUtilities
0x000000002408d000 	/usr/lib/libmecabra.dylib
0x000000002408d000 	/System/Library/Frameworks/ApplicationServices.framework/Versions/A/Frameworks/ATS.framework/Versions/A/ATS
0x000000002408d000 	/System/Library/Frameworks/ApplicationServices.framework/Versions/A/Frameworks/ColorSyncLegacy.framework/Versions/A/ColorSyncLegacy
0x000000002408d000 	/System/Library/Frameworks/ApplicationServices.framework/Versions/A/Frameworks/HIServices.framework/Versions/A/HIServices
0x000000002408d000 	/System/Library/Frameworks/ApplicationServices.framework/Versions/A/Frameworks/LangAnalysis.framework/Versions/A/LangAnalysis
0x000000002408d000 	/System/Library/Frameworks/ApplicationServices.framework/Versions/A/Frameworks/PrintCore.framework/Versions/A/PrintCore
0x000000002408d000 	/System/Library/Frameworks/ApplicationServices.framework/Versions/A/Frameworks/QD.framework/Versions/A/QD
0x000000002408d000 	/System/Library/Frameworks/ApplicationServices.framework/Versions/A/Frameworks/SpeechSynthesis.framework/Versions/A/SpeechSynthesis
0x000000002408d000 	/usr/lib/libcompression.dylib
0x000000002408d000 	/System/Library/Frameworks/CoreDisplay.framework/Versions/A/CoreDisplay
0x000000002408d000 	/System/Library/Frameworks/MetalPerformanceShaders.framework/Versions/A/MetalPerformanceShaders
0x000000002408d000 	/System/Library/Frameworks/Accelerate.framework/Versions/A/Frameworks/vImage.framework/Versions/A/vImage
0x000000002408d000 	/System/Library/Frameworks/Accelerate.framework/Versions/A/Frameworks/vecLib.framework/Versions/A/vecLib
0x000000002408d000 	/System/Library/Frameworks/Accelerate.framework/Versions/A/Frameworks/vecLib.framework/Versions/A/libvMisc.dylib
0x000000002408d000 	/System/Library/Frameworks/Accelerate.framework/Versions/A/Frameworks/vecLib.framework/Versions/A/libvDSP.dylib
0x000000002408d000 	/System/Library/Frameworks/Accelerate.framework/Versions/A/Frameworks/vecLib.framework/Versions/A/libBLAS.dylib
0x000000002408d000 	/System/Library/Frameworks/Accelerate.framework/Versions/A/Frameworks/vecLib.framework/Versions/A/libLAPACK.dylib
0x000000002408d000 	/System/Library/Frameworks/Accelerate.framework/Versions/A/Frameworks/vecLib.framework/Versions/A/libLinearAlgebra.dylib
0x000000002408d000 	/System/Library/Frameworks/Accelerate.framework/Versions/A/Frameworks/vecLib.framework/Versions/A/libSparseBLAS.dylib
0x000000002408d000 	/System/Library/Frameworks/Accelerate.framework/Versions/A/Frameworks/vecLib.framework/Versions/A/libQuadrature.dylib
0x000000002408d000 	/System/Library/Frameworks/Accelerate.framework/Versions/A/Frameworks/vecLib.framework/Versions/A/libBNNS.dylib
0x000000002408d000 	/System/Library/Frameworks/Accelerate.framework/Versions/A/Frameworks/vecLib.framework/Versions/A/libSparse.dylib
0x000000002408d000 	/System/Library/PrivateFrameworks/GPUWrangler.framework/Versions/A/GPUWrangler
0x000000002408d000 	/System/Library/PrivateFrameworks/IOAccelerator.framework/Versions/A/IOAccelerator
0x000000002408d000 	/System/Library/PrivateFrameworks/IOPresentment.framework/Versions/A/IOPresentment
0x000000002408d000 	/System/Library/PrivateFrameworks/DSExternalDisplay.framework/Versions/A/DSExternalDisplay
0x000000002408d000 	/System/Library/Frameworks/OpenGL.framework/Versions/A/Libraries/libCoreFSCache.dylib
0x000000002408d000 	/System/Library/Frameworks/MetalPerformanceShaders.framework/Frameworks/MPSCore.framework/Versions/A/MPSCore
0x000000002408d000 	/System/Library/Frameworks/MetalPerformanceShaders.framework/Frameworks/MPSImage.framework/Versions/A/MPSImage
0x000000002408d000 	/System/Library/Frameworks/MetalPerformanceShaders.framework/Frameworks/MPSNeuralNetwork.framework/Versions/A/MPSNeuralNetwork
0x000000002408d000 	/System/Library/Frameworks/MetalPerformanceShaders.framework/Frameworks/MPSMatrix.framework/Versions/A/MPSMatrix
0x000000002408d000 	/System/Library/Frameworks/MetalPerformanceShaders.framework/Frameworks/MPSRayIntersector.framework/Versions/A/MPSRayIntersector
0x000000002408d000 	/System/Library/PrivateFrameworks/MetalTools.framework/Versions/A/MetalTools
0x000000002408d000 	/System/Library/PrivateFrameworks/AggregateDictionary.framework/Versions/A/AggregateDictionary
0x000000002408d000 	/usr/lib/libMobileGestalt.dylib
0x000000002408d000 	/System/Library/Frameworks/CoreVideo.framework/Versions/A/CoreVideo
0x000000002408d000 	/System/Library/PrivateFrameworks/GraphVisualizer.framework/Versions/A/GraphVisualizer
0x000000002408d000 	/System/Library/PrivateFrameworks/FaceCore.framework/Versions/A/FaceCore
0x000000002408d000 	/System/Library/Frameworks/OpenCL.framework/Versions/A/OpenCL
0x000000002408d000 	/usr/lib/libFosl_dynamic.dylib
0x000000002408d000 	/System/Library/PrivateFrameworks/OTSVG.framework/Versions/A/OTSVG
0x000000002408d000 	/System/Library/Frameworks/ApplicationServices.framework/Versions/A/Frameworks/ATS.framework/Versions/A/Resources/libFontParser.dylib
0x000000002408d000 	/System/Library/Frameworks/ApplicationServices.framework/Versions/A/Frameworks/ATS.framework/Versions/A/Resources/libFontRegistry.dylib
0x000000002408d000 	/System/Library/Frameworks/ImageIO.framework/Versions/A/Resources/libJPEG.dylib
0x000000002408d000 	/System/Library/Frameworks/ImageIO.framework/Versions/A/Resources/libTIFF.dylib
0x000000002408d000 	/System/Library/Frameworks/ImageIO.framework/Versions/A/Resources/libPng.dylib
0x000000002408d000 	/System/Library/Frameworks/ImageIO.framework/Versions/A/Resources/libGIF.dylib
0x000000002408d000 	/System/Library/Frameworks/ImageIO.framework/Versions/A/Resources/libJP2.dylib
0x000000002408d000 	/System/Library/Frameworks/ImageIO.framework/Versions/A/Resources/libRadiance.dylib
0x000000002408d000 	/System/Library/PrivateFrameworks/AppleJPEG.framework/Versions/A/AppleJPEG
0x000000002408d000 	/System/Library/Frameworks/OpenGL.framework/Versions/A/Libraries/libGFXShared.dylib
0x000000002408d000 	/System/Library/Frameworks/OpenGL.framework/Versions/A/Libraries/libGLU.dylib
0x000000002408d000 	/System/Library/Frameworks/OpenGL.framework/Versions/A/Libraries/libGL.dylib
0x000000002408d000 	/System/Library/Frameworks/OpenGL.framework/Versions/A/Libraries/libGLImage.dylib
0x000000002408d000 	/System/Library/Frameworks/OpenGL.framework/Versions/A/Libraries/libCVMSPluginSupport.dylib
0x000000002408d000 	/System/Library/Frameworks/OpenGL.framework/Versions/A/Libraries/libCoreVMClient.dylib
0x000000002408d000 	/usr/lib/libcups.2.dylib
0x000000002408d000 	/System/Library/Frameworks/Kerberos.framework/Versions/A/Kerberos
0x000000002408d000 	/System/Library/Frameworks/GSS.framework/Versions/A/GSS
0x000000002408d000 	/usr/lib/libresolv.9.dylib
0x000000002408d000 	/usr/lib/libiconv.2.dylib
0x000000002408d000 	/System/Library/PrivateFrameworks/Heimdal.framework/Versions/A/Heimdal
0x000000002408d000 	/usr/lib/libheimdal-asn1.dylib
0x000000002408d000 	/System/Library/Frameworks/OpenDirectory.framework/Versions/A/OpenDirectory
0x000000002408d000 	/System/Library/PrivateFrameworks/CommonAuth.framework/Versions/A/CommonAuth
0x000000002408d000 	/System/Library/Frameworks/OpenDirectory.framework/Versions/A/Frameworks/CFOpenDirectory.framework/Versions/A/CFOpenDirectory
0x000000002408d000 	/System/Library/Frameworks/SecurityFoundation.framework/Versions/A/SecurityFoundation
0x000000002408d000 	/System/Library/PrivateFrameworks/APFS.framework/Versions/A/APFS
0x000000002408d000 	/usr/lib/libutil.dylib
0x000000002408d000 	/usr/lib/libcharset.1.dylib
0x000000002408d000 	/System/Library/PrivateFrameworks/AppleSauce.framework/Versions/A/AppleSauce
0x000000002408d000 	/System/Library/PrivateFrameworks/AssertionServices.framework/Versions/A/AssertionServices
0x000000002408d000 	/System/Library/PrivateFrameworks/BaseBoard.framework/Versions/A/BaseBoard
0x000000002408d000 	/usr/lib/libmecab.1.0.0.dylib
0x000000002408d000 	/usr/lib/libgermantok.dylib
0x000000002408d000 	/usr/lib/libThaiTokenizer.dylib
0x000000002408d000 	/usr/lib/libChineseTokenizer.dylib
0x000000002408d000 	/System/Library/PrivateFrameworks/LanguageModeling.framework/Versions/A/LanguageModeling
0x000000002408d000 	/System/Library/PrivateFrameworks/CoreEmoji.framework/Versions/A/CoreEmoji
0x000000002408d000 	/System/Library/PrivateFrameworks/Lexicon.framework/Versions/A/Lexicon
0x000000002408d000 	/System/Library/PrivateFrameworks/LinguisticData.framework/Versions/A/LinguisticData
0x000000002408d000 	/usr/lib/libcmph.dylib
0x000000002408d000 	/System/Library/Frameworks/ServiceManagement.framework/Versions/A/ServiceManagement
0x000000002408d000 	/System/Library/PrivateFrameworks/BackgroundTaskManagement.framework/Versions/A/BackgroundTaskManagement
0x000000002408d000 	/usr/lib/libxslt.1.dylib
0x000000002408d000 	/System/Library/Frameworks/Carbon.framework/Versions/A/Frameworks/Ink.framework/Versions/A/Ink
0x000000002408d000 	/System/Library/PrivateFrameworks/TextureIO.framework/Versions/A/TextureIO
0x000000002408d000 	/usr/lib/libate.dylib
0x000000002408d000 	/System/Library/PrivateFrameworks/CrashReporterSupport.framework/Versions/A/CrashReporterSupport
0x000000002408d000 	/System/Library/PrivateFrameworks/Sharing.framework/Versions/A/Sharing
0x000000002408d000 	/System/Library/PrivateFrameworks/AuthKit.framework/Versions/A/AuthKit
0x000000002408d000 	/System/Library/PrivateFrameworks/Apple80211.framework/Versions/A/Apple80211
0x000000002408d000 	/System/Library/PrivateFrameworks/CoreUtils.framework/Versions/A/CoreUtils
0x000000002408d000 	/System/Library/Frameworks/CoreWLAN.framework/Versions/A/CoreWLAN
0x000000002408d000 	/System/Library/Frameworks/IOBluetooth.framework/Versions/A/IOBluetooth
0x000000002408d000 	/System/Library/PrivateFrameworks/ProtocolBuffer.framework/Versions/A/ProtocolBuffer
0x000000002408d000 	/System/Library/PrivateFrameworks/MobileKeyBag.framework/Versions/A/MobileKeyBag
0x000000002408d000 	/System/Library/PrivateFrameworks/CorePhoneNumbers.framework/Versions/A/CorePhoneNumbers
0x000000002408d000 	/System/Library/PrivateFrameworks/AppleIDAuthSupport.framework/Versions/A/AppleIDAuthSupport
0x000000002408d000 	/System/Library/PrivateFrameworks/KeychainCircle.framework/Versions/A/KeychainCircle
0x000000002408d000 	/System/Library/PrivateFrameworks/ROCKit.framework/Versions/A/ROCKit
0x000000002408d000 	/System/Library/PrivateFrameworks/CoreWiFi.framework/Versions/A/CoreWiFi
0x000000002408d000 	/System/Library/Frameworks/CoreBluetooth.framework/Versions/A/CoreBluetooth
0x000000002408d000 	/System/Library/PrivateFrameworks/DebugSymbols.framework/Versions/A/DebugSymbols
0x000000002408d000 	/System/Library/PrivateFrameworks/CoreSymbolication.framework/Versions/A/CoreSymbolication
0x000000002408d000 	/System/Library/PrivateFrameworks/Symbolication.framework/Versions/A/Symbolication
0x000000002408d000 	/System/Library/PrivateFrameworks/SpeechRecognitionCore.framework/Versions/A/SpeechRecognitionCore
0x000000010be00000 	/Library/Java/JavaVirtualMachines/jdk1.8.0_131.jdk/Contents/Home/jre/lib/server/libjvm.dylib
0x000000002408d000 	/usr/lib/libstdc++.6.dylib
0x000000010acb4000 	/Library/Java/JavaVirtualMachines/jdk1.8.0_131.jdk/Contents/Home/jre/lib/libverify.dylib
0x000000010acc2000 	/Library/Java/JavaVirtualMachines/jdk1.8.0_131.jdk/Contents/Home/jre/lib/libjava.dylib
0x000000010ad41000 	/Library/Java/JavaVirtualMachines/jdk1.8.0_131.jdk/Contents/Home/jre/lib/libzip.dylib
0x000000002408d000 	/System/Library/Frameworks/JavaVM.framework/Versions/A/Frameworks/JavaRuntimeSupport.framework/Versions/A/JavaRuntimeSupport
0x000000002408d000 	/System/Library/Frameworks/JavaVM.framework/Versions/A/Frameworks/JavaNativeFoundation.framework/Versions/A/JavaNativeFoundation
0x000000002408d000 	/System/Library/Frameworks/JavaVM.framework/Versions/A/JavaVM
0x000000002408d000 	/System/Library/Frameworks/Carbon.framework/Versions/A/Carbon
0x000000002408d000 	/System/Library/PrivateFrameworks/JavaLaunching.framework/Versions/A/JavaLaunching
0x000000002408d000 	/System/Library/Frameworks/Carbon.framework/Versions/A/Frameworks/CommonPanels.framework/Versions/A/CommonPanels
0x000000002408d000 	/System/Library/Frameworks/Carbon.framework/Versions/A/Frameworks/Help.framework/Versions/A/Help
0x000000002408d000 	/System/Library/Frameworks/Carbon.framework/Versions/A/Frameworks/ImageCapture.framework/Versions/A/ImageCapture
0x000000002408d000 	/System/Library/Frameworks/Carbon.framework/Versions/A/Frameworks/OpenScripting.framework/Versions/A/OpenScripting
0x000000002408d000 	/System/Library/Frameworks/Carbon.framework/Versions/A/Frameworks/Print.framework/Versions/A/Print
0x000000002408d000 	/System/Library/Frameworks/Carbon.framework/Versions/A/Frameworks/SecurityHI.framework/Versions/A/SecurityHI

VM Arguments:
jvm_args: -Dfile.encoding=UTF-8 
java_command: ProblemSet3_5
java_class_path (initial): /Library/Java/JavaVirtualMachines/jdk1.8.0_131.jdk/Contents/Home/jre/lib/resources.jar:/Library/Java/JavaVirtualMachines/jdk1.8.0_131.jdk/Contents/Home/jre/lib/rt.jar:/Library/Java/JavaVirtualMachines/jdk1.8.0_131.jdk/Contents/Home/jre/lib/jsse.jar:/Library/Java/JavaVirtualMachines/jdk1.8.0_131.jdk/Contents/Home/jre/lib/jce.jar:/Library/Java/JavaVirtualMachines/jdk1.8.0_131.jdk/Contents/Home/jre/lib/charsets.jar:/Library/Java/JavaVirtualMachines/jdk1.8.0_131.jdk/Contents/Home/jre/lib/jfr.jar:/Library/Java/JavaVirtualMachines/jdk1.8.0_131.jdk/Contents/Home/jre/lib/ext/sunec.jar:/Library/Java/JavaVirtualMachines/jdk1.8.0_131.jdk/Contents/Home/jre/lib/ext/nashorn.jar:/Library/Java/JavaVirtualMachines/jdk1.8.0_131.jdk/Contents/Home/jre/lib/ext/cldrdata.jar:/Library/Java/JavaVirtualMachines/jdk1.8.0_131.jdk/Contents/Home/jre/lib/ext/jfxrt.jar:/Library/Java/JavaVirtualMachines/jdk1.8.0_131.jdk/Contents/Home/jre/lib/ext/dnsns.jar:/Library/Java/JavaVirtualMachines/jdk1.8.0_131.jdk/Contents/Home/jre/lib/ext/localedata.jar:/Library/Java/JavaVirtualMachines/jdk1.8.0_131.jdk/Contents/Home/jre/lib/ext/sunjce_provider.jar:/Library/Java/JavaVirtualMachines/jdk1.8.0_131.jdk/Contents/Home/jre/lib/ext/sunpkcs11.jar:/Library/Java/JavaVirtualMachines/jdk1.8.0_131.jdk/Contents/Home/jre/lib/ext/jaccess.jar:/Library/Java/JavaVirtualMachines/jdk1.8.0_131.jdk/Contents/Home/jre/lib/ext/zipfs.jar:/System/Library/Java/Extensions/MRJToolkit.jar:/Users/suchetan/Desktop/APCSA/pset3.5/bin
Launcher Type: SUN_STANDARD

Environment Variables:
PATH=/usr/bin:/bin:/usr/sbin:/sbin
SHELL=/bin/bash

Signal Handlers:
SIGSEGV: [libjvm.dylib+0x5b1eb1], sa_mask[0]=11111111011111110111111111111111, sa_flags=SA_ONSTACK|SA_RESTART|SA_SIGINFO
SIGBUS: [libjvm.dylib+0x5b1eb1], sa_mask[0]=11111111011111110111111111111111, sa_flags=SA_RESTART|SA_SIGINFO
SIGFPE: [libjvm.dylib+0x488988], sa_mask[0]=11111111011111110111111111111111, sa_flags=SA_RESTART|SA_SIGINFO
SIGPIPE: [libjvm.dylib+0x488988], sa_mask[0]=11111111011111110111111111111111, sa_flags=SA_RESTART|SA_SIGINFO
SIGXFSZ: [libjvm.dylib+0x488988], sa_mask[0]=11111111011111110111111111111111, sa_flags=SA_RESTART|SA_SIGINFO
SIGILL: [libjvm.dylib+0x488988], sa_mask[0]=11111111011111110111111111111111, sa_flags=SA_RESTART|SA_SIGINFO
SIGUSR1: SIG_DFL, sa_mask[0]=00000000000000000000000000000000, sa_flags=none
SIGUSR2: [libjvm.dylib+0x4884a6], sa_mask[0]=00100000000000000000000000000000, sa_flags=SA_RESTART|SA_SIGINFO
SIGHUP: [libjvm.dylib+0x486a7d], sa_mask[0]=11111111011111110111111111111111, sa_flags=SA_RESTART|SA_SIGINFO
SIGINT: [libjvm.dylib+0x486a7d], sa_mask[0]=11111111011111110111111111111111, sa_flags=SA_RESTART|SA_SIGINFO
SIGTERM: [libjvm.dylib+0x486a7d], sa_mask[0]=11111111011111110111111111111111, sa_flags=SA_RESTART|SA_SIGINFO
SIGQUIT: [libjvm.dylib+0x486a7d], sa_mask[0]=11111111011111110111111111111111, sa_flags=SA_RESTART|SA_SIGINFO


---------------  S Y S T E M  ---------------

OS:Bsduname:Darwin 18.0.0 Darwin Kernel Version 18.0.0: Wed Aug 22 20:13:40 PDT 2018; root:xnu-4903.201.2~1/RELEASE_X86_64 x86_64
rlimit: STACK 8192k, CORE 0k, NPROC 1418, NOFILE 10240, AS infinity
load average:5.22 5.35 4.88

CPU:total 8 (initial active 8) (4 cores per cpu, 2 threads per core) family 6 model 94 stepping 3, cmov, cx8, fxsr, mmx, sse, sse2, sse3, ssse3, sse4.1, sse4.2, popcnt, avx, avx2, aes, clmul, erms, rtm, 3dnowpref, lzcnt, ht, tsc, tscinvbit, bmi1, bmi2, adx

Memory: 4k page, physical 16777216k(100256k free)

/proc/meminfo:


vm_info: Java HotSpot(TM) 64-Bit Server VM (25.131-b11) for bsd-amd64 JRE (1.8.0_131-b11), built on Mar 15 2017 01:32:22 by "java_re" with gcc 4.2.1 (Based on Apple Inc. build 5658) (LLVM build 2336.11.00)

time: Wed Oct 24 09:03:13 2018
elapsed time: 1878 seconds (0d 0h 31m 18s)

